03-17-2020 @ 03:04:02 - Access token successfully received.
03-17-2020 @ 03:04:02 - Refresh token successfully received.
03-17-2020 @ 03:08:36 - Starting step cycle: import_products
03-17-2020 @ 03:08:37 - Imported Products Count: 0
03-17-2020 @ 03:08:37 - Completed job step: import_products
03-17-2020 @ 03:08:37 - Completed step cycle: import_products (0.42s)
03-17-2020 @ 03:08:37 - Starting step cycle: import_inventory
03-17-2020 @ 03:08:38 - Failed step cycle: import_inventory (0.79s) - [NOT_FOUND] This merchant does not have a location with the ID ``.
03-17-2020 @ 03:08:38 - [NOT_FOUND] This merchant does not have a location with the ID ``.
03-17-2020 @ 03:09:17 - Starting step cycle: import_products
03-17-2020 @ 03:09:17 - Imported Products Count: 0
03-17-2020 @ 03:09:17 - Completed job step: import_products
03-17-2020 @ 03:09:17 - Completed step cycle: import_products (0.43s)
03-17-2020 @ 03:09:18 - Starting step cycle: import_inventory
03-17-2020 @ 03:09:19 - Failed step cycle: import_inventory (0.80s) - [NOT_FOUND] This merchant does not have a location with the ID ``.
03-17-2020 @ 03:09:19 - [NOT_FOUND] This merchant does not have a location with the ID ``.
03-17-2020 @ 03:11:20 - Starting step cycle: import_products
03-17-2020 @ 03:11:20 - Imported Products Count: 0
03-17-2020 @ 03:11:20 - Completed job step: import_products
03-17-2020 @ 03:11:20 - Completed step cycle: import_products (0.40s)
03-17-2020 @ 03:11:21 - Starting step cycle: import_inventory
03-17-2020 @ 03:11:21 - Failed step cycle: import_inventory (0.78s) - [NOT_FOUND] This merchant does not have a location with the ID ``.
03-17-2020 @ 03:11:21 - [NOT_FOUND] This merchant does not have a location with the ID ``.
03-17-2020 @ 03:22:30 - Starting step cycle: import_products
03-17-2020 @ 03:22:30 - Imported Products Count: 0
03-17-2020 @ 03:22:30 - Completed job step: import_products
03-17-2020 @ 03:22:30 - Completed step cycle: import_products (0.45s)
03-17-2020 @ 03:22:31 - Starting step cycle: import_inventory
03-17-2020 @ 03:22:32 - Failed step cycle: import_inventory (0.81s) - [NOT_FOUND] This merchant does not have a location with the ID ``.
03-17-2020 @ 03:22:32 - [NOT_FOUND] This merchant does not have a location with the ID ``.
